[2021-01-08T09:34:48.880456+00:00] f3il.ERROR: Application : contrôleur introuvable app\controllers\indexController {"file":"/Users/yanisfatmi/Documents/GitHub/SCol/f3il/Application.php","line":70} []
[2021-01-08T09:52:22.784731+00:00] f3il.ERROR: Page : fichier de template introuvable../application/templates/simple.template.php {"file":"/Users/yanisfatmi/Documents/GitHub/SCol/f3il/Page.php","line":43} []
[2021-01-08T09:53:04.739940+00:00] f3il.ERROR: Page : aucune classe ne correspond au module Menu {"file":"/Users/yanisfatmi/Documents/GitHub/SCol/f3il/Page.php","line":87} []
[2021-01-08T09:54:13.971289+00:00] f3il.ERROR: Page : aucune classe ne correspond au module Menu {"file":"/Users/yanisfatmi/Documents/GitHub/SCol/f3il/Page.php","line":87} []
[2021-01-08T09:55:47.123134+00:00] f3il.ERROR: Page : aucune classe ne correspond au module Menu {"file":"/Users/yanisfatmi/Documents/GitHub/SCol/f3il/Page.php","line":87} []
[2021-01-08T09:55:52.789484+00:00] f3il.ERROR: Page : aucune classe ne correspond au module Menu {"file":"/Users/yanisfatmi/Documents/GitHub/SCol/f3il/Page.php","line":87} []
[2021-01-08T09:56:02.191876+00:00] f3il.ERROR: Page : aucune classe ne correspond au module Menu {"file":"/Users/yanisfatmi/Documents/GitHub/SCol/f3il/Page.php","line":87} []
[2021-01-08T09:59:18.409581+00:00] f3il.ERROR: Page : aucune classe ne correspond au module Menu {"file":"/Users/yanisfatmi/Documents/GitHub/SCol/f3il/Page.php","line":87} []
[2021-01-08T10:53:50.363075+00:00] f3il.ERROR: Application : contrôleur introuvable app\controllers\materielsController {"file":"/Users/yanisfatmi/Documents/GitHub/SCol/f3il/Application.php","line":70} []
[2021-01-08T13:58:29.568126+00:00] f3il.ERROR: Application : contrôleur introuvable app\controllers\materielsController {"file":"/Users/yanisfatmi/Documents/GitHub/SCol/f3il/Application.php","line":70} []
[2021-01-08T13:58:32.275708+00:00] f3il.ERROR: Application : contrôleur introuvable app\controllers\materielsController {"file":"/Users/yanisfatmi/Documents/GitHub/SCol/f3il/Application.php","line":70} []
[2021-01-08T13:58:33.931122+00:00] f3il.ERROR: Application : contrôleur introuvable app\controllers\materielsController {"file":"/Users/yanisfatmi/Documents/GitHub/SCol/f3il/Application.php","line":70} []
[2021-01-08T13:58:41.432917+00:00] f3il.ERROR: Application : contrôleur introuvable app\controllers\materielsController {"file":"/Users/yanisfatmi/Documents/GitHub/SCol/f3il/Application.php","line":70} []
[2021-01-08T13:58:46.474158+00:00] f3il.ERROR: Application : contrôleur introuvable app\controllers\materielsController {"file":"/Users/yanisfatmi/Documents/GitHub/SCol/f3il/Application.php","line":70} []
[2021-01-08T14:45:46.304606+00:00] f3il.ERROR: Application : contrôleur introuvable app\controllers\materielsController {"file":"/Users/yanisfatmi/Documents/GitHub/SCol/f3il/Application.php","line":70} []
[2021-01-08T14:45:50.701750+00:00] f3il.ERROR: Application : contrôleur introuvable app\controllers\accueilController {"file":"/Users/yanisfatmi/Documents/GitHub/SCol/f3il/Application.php","line":70} []
[2021-01-08T14:48:04.645256+00:00] f3il.ERROR: Application : contrôleur introuvable app\controllers\accueilController {"file":"/Users/yanisfatmi/Documents/GitHub/SCol/f3il/Application.php","line":70} []
[2021-01-08T14:48:07.433437+00:00] f3il.ERROR: Application : contrôleur introuvable app\controllers\accueilController {"file":"/Users/yanisfatmi/Documents/GitHub/SCol/f3il/Application.php","line":70} []
[2021-01-08T14:48:07.813587+00:00] f3il.ERROR: Application : contrôleur introuvable app\controllers\accueilController {"file":"/Users/yanisfatmi/Documents/GitHub/SCol/f3il/Application.php","line":70} []
[2021-01-08T14:48:08.132771+00:00] f3il.ERROR: Application : contrôleur introuvable app\controllers\accueilController {"file":"/Users/yanisfatmi/Documents/GitHub/SCol/f3il/Application.php","line":70} []
[2021-01-08T14:48:08.393143+00:00] f3il.ERROR: Application : contrôleur introuvable app\controllers\accueilController {"file":"/Users/yanisfatmi/Documents/GitHub/SCol/f3il/Application.php","line":70} []
[2021-01-08T14:48:08.732891+00:00] f3il.ERROR: Application : contrôleur introuvable app\controllers\accueilController {"file":"/Users/yanisfatmi/Documents/GitHub/SCol/f3il/Application.php","line":70} []
[2021-01-08T14:49:19.012280+00:00] f3il.ERROR: Application : contrôleur introuvable app\controllers\accueilController {"file":"/Users/yanisfatmi/Documents/GitHub/SCol/f3il/Application.php","line":70} []
[2021-01-08T14:49:33.874441+00:00] f3il.ERROR: Application : contrôleur introuvable app\controllers\accueilController {"file":"/Users/yanisfatmi/Documents/GitHub/SCol/f3il/Application.php","line":70} []
[2021-01-08T14:58:11.511663+00:00] f3il.ERROR: Application : contrôleur introuvable app\controllers\accueilController {"file":"/Users/yanisfatmi/Documents/GitHub/SCol/f3il/Application.php","line":70} []
[2021-01-08T15:08:15.418134+00:00] f3il.ERROR: Application : contrôleur introuvable app\controllers\accueilController {"file":"/Users/yanisfatmi/Documents/GitHub/SCol/f3il/Application.php","line":70} []
[2021-01-08T15:17:34.300348+00:00] f3il.ERROR: Application : contrôleur introuvable app\controllers\accueilController {"file":"/Users/yanisfatmi/Documents/GitHub/SCol/f3il/Application.php","line":70} []
[2021-01-08T15:19:29.006576+00:00] f3il.ERROR: Application : contrôleur introuvable app\controllers\accueilController {"file":"/Users/yanisfatmi/Documents/GitHub/SCol/f3il/Application.php","line":70} []
[2021-01-08T15:19:30.947808+00:00] f3il.ERROR: Application : contrôleur introuvable app\controllers\accueilController {"file":"/Users/yanisfatmi/Documents/GitHub/SCol/f3il/Application.php","line":70} []
[2021-01-08T15:24:03.493011+00:00] f3il.ERROR: Application : contrôleur introuvable app\controllers\accueilController {"file":"/Users/yanisfatmi/Documents/GitHub/SCol/f3il/Application.php","line":70} []
[2021-01-08T15:44:24.559551+00:00] f3il.ERROR: Application : contrôleur introuvable app\controllers\accueilController {"file":"/Users/yanisfatmi/Documents/GitHub/SCol/f3il/Application.php","line":70} []
[2021-01-08T15:44:42.986580+00:00] f3il.ERROR: Application : contrôleur introuvable app\controllers\accueilController {"file":"/Users/yanisfatmi/Documents/GitHub/SCol/f3il/Application.php","line":70} [][2021-01-08T15:49:06.219673+00:00] f3il.ERROR: Application : contrôleur introuvable app\controllers\accueilController {"file":"/Users/yanisfatmi/Documents/GitHub/SCol/f3il/Application.php","line":70} []
[2021-01-08T15:49:16.685900+00:00] f3il.ERROR: Application : contrôleur introuvable app\controllers\accueilController {"file":"/Users/yanisfatmi/Documents/GitHub/SCol/f3il/Application.php","line":70} []
[2021-01-08T15:49:26.029620+00:00] f3il.ERROR: Application : contrôleur introuvable app\controllers\AccueilController {"file":"/Users/yanisfatmi/Documents/GitHub/SCol/f3il/Application.php","line":70} []
[2021-01-08T15:49:28.378755+00:00] f3il.ERROR: Application : contrôleur introuvable app\controllers\AccueilController {"file":"/Users/yanisfatmi/Documents/GitHub/SCol/f3il/Application.php","line":70} []
[2021-01-08T15:54:54.040553+00:00] f3il.ERROR: Application : contrôleur introuvable app\controllers\accueilController {"file":"/Users/yanisfatmi/Documents/GitHub/SCol/f3il/Application.php","line":70} []
[2021-01-08T15:57:14.433932+00:00] f3il.ERROR: Application : contrôleur introuvable app\controllers\accueilController {"file":"/Users/yanisfatmi/Documents/GitHub/SCol/f3il/Application.php","line":70} []
[2021-01-08T15:59:29.222830+00:00] f3il.ERROR: Controller : action indisponible 'accueil' pour le contrôleur app\controllers\AccueilController {"file":"/Users/yanisfatmi/Documents/GitHub/SCol/f3il/Controller.php","line":13} []
